This is pdfTeX, Version 3.14159265-2.6-1.40.17 (MiKTeX 2.9.6210 64-bit) (preloaded format=pdflatex 2017.2.16)  14 MAY 2020 02:08
entering extended mode
**./Diploma.tex
(Diploma.tex
LaTeX2e <2017/01/01> patch level 1
Babel <3.9r> and hyphenation patterns for 75 language(s) loaded.
("C:\Program Files\MiKTeX 2.9\tex\latex\base\article.cls"
Document Class: article 2014/09/29 v1.4h Standard LaTeX document class
("C:\Program Files\MiKTeX 2.9\tex\latex\base\size10.clo"
File: size10.clo 2014/09/29 v1.4h Standard LaTeX file (size option)
)
\c@part=\count79
\c@section=\count80
\c@subsection=\count81
\c@subsubsection=\count82
\c@paragraph=\count83
\c@subparagraph=\count84
\c@figure=\count85
\c@table=\count86
\abovecaptionskip=\skip41
\belowcaptionskip=\skip42
\bibindent=\dimen102
)
("C:\Program Files\MiKTeX 2.9\tex\latex\base\inputenc.sty"
Package: inputenc 2015/03/17 v1.2c Input encoding file
\inpenc@prehook=\toks14
\inpenc@posthook=\toks15

("C:\Program Files\MiKTeX 2.9\tex\latex\base\utf8.def"
File: utf8.def 2016/02/28 v1.1s UTF-8 support for inputenc
Now handling font encoding OML ...
... no UTF-8 mapping file for font encoding OML
Now handling font encoding T1 ...
... processing UTF-8 mapping file for font encoding T1

("C:\Program Files\MiKTeX 2.9\tex\latex\base\t1enc.dfu"
File: t1enc.dfu 2016/02/28 v1.1s UTF-8 support for inputenc
   defining Unicode char U+00A0 (decimal 160)
   defining Unicode char U+00A1 (decimal 161)
   defining Unicode char U+00A3 (decimal 163)
   defining Unicode char U+00AB (decimal 171)
   defining Unicode char U+00AD (decimal 173)
   defining Unicode char U+00BB (decimal 187)
   defining Unicode char U+00BF (decimal 191)
   defining Unicode char U+00C0 (decimal 192)
   defining Unicode char U+00C1 (decimal 193)
   defining Unicode char U+00C2 (decimal 194)
   defining Unicode char U+00C3 (decimal 195)
   defining Unicode char U+00C4 (decimal 196)
   defining Unicode char U+00C5 (decimal 197)
   defining Unicode char U+00C6 (decimal 198)
   defining Unicode char U+00C7 (decimal 199)
   defining Unicode char U+00C8 (decimal 200)
   defining Unicode char U+00C9 (decimal 201)
   defining Unicode char U+00CA (decimal 202)
   defining Unicode char U+00CB (decimal 203)
   defining Unicode char U+00CC (decimal 204)
   defining Unicode char U+00CD (decimal 205)
   defining Unicode char U+00CE (decimal 206)
   defining Unicode char U+00CF (decimal 207)
   defining Unicode char U+00D0 (decimal 208)
   defining Unicode char U+00D1 (decimal 209)
   defining Unicode char U+00D2 (decimal 210)
   defining Unicode char U+00D3 (decimal 211)
   defining Unicode char U+00D4 (decimal 212)
   defining Unicode char U+00D5 (decimal 213)
   defining Unicode char U+00D6 (decimal 214)
   defining Unicode char U+00D8 (decimal 216)
   defining Unicode char U+00D9 (decimal 217)
   defining Unicode char U+00DA (decimal 218)
   defining Unicode char U+00DB (decimal 219)
   defining Unicode char U+00DC (decimal 220)
   defining Unicode char U+00DD (decimal 221)
   defining Unicode char U+00DE (decimal 222)
   defining Unicode char U+00DF (decimal 223)
   defining Unicode char U+00E0 (decimal 224)
   defining Unicode char U+00E1 (decimal 225)
   defining Unicode char U+00E2 (decimal 226)
   defining Unicode char U+00E3 (decimal 227)
   defining Unicode char U+00E4 (decimal 228)
   defining Unicode char U+00E5 (decimal 229)
   defining Unicode char U+00E6 (decimal 230)
   defining Unicode char U+00E7 (decimal 231)
   defining Unicode char U+00E8 (decimal 232)
   defining Unicode char U+00E9 (decimal 233)
   defining Unicode char U+00EA (decimal 234)
   defining Unicode char U+00EB (decimal 235)
   defining Unicode char U+00EC (decimal 236)
   defining Unicode char U+00ED (decimal 237)
   defining Unicode char U+00EE (decimal 238)
   defining Unicode char U+00EF (decimal 239)
   defining Unicode char U+00F0 (decimal 240)
   defining Unicode char U+00F1 (decimal 241)
   defining Unicode char U+00F2 (decimal 242)
   defining Unicode char U+00F3 (decimal 243)
   defining Unicode char U+00F4 (decimal 244)
   defining Unicode char U+00F5 (decimal 245)
   defining Unicode char U+00F6 (decimal 246)
   defining Unicode char U+00F8 (decimal 248)
   defining Unicode char U+00F9 (decimal 249)
   defining Unicode char U+00FA (decimal 250)
   defining Unicode char U+00FB (decimal 251)
   defining Unicode char U+00FC (decimal 252)
   defining Unicode char U+00FD (decimal 253)
   defining Unicode char U+00FE (decimal 254)
   defining Unicode char U+00FF (decimal 255)
   defining Unicode char U+0100 (decimal 256)
   defining Unicode char U+0101 (decimal 257)
   defining Unicode char U+0102 (decimal 258)
   defining Unicode char U+0103 (decimal 259)
   defining Unicode char U+0104 (decimal 260)
   defining Unicode char U+0105 (decimal 261)
   defining Unicode char U+0106 (decimal 262)
   defining Unicode char U+0107 (decimal 263)
   defining Unicode char U+0108 (decimal 264)
   defining Unicode char U+0109 (decimal 265)
   defining Unicode char U+010A (decimal 266)
   defining Unicode char U+010B (decimal 267)
   defining Unicode char U+010C (decimal 268)
   defining Unicode char U+010D (decimal 269)
   defining Unicode char U+010E (decimal 270)
   defining Unicode char U+010F (decimal 271)
   defining Unicode char U+0110 (decimal 272)
   defining Unicode char U+0111 (decimal 273)
   defining Unicode char U+0112 (decimal 274)
   defining Unicode char U+0113 (decimal 275)
   defining Unicode char U+0114 (decimal 276)
   defining Unicode char U+0115 (decimal 277)
   defining Unicode char U+0116 (decimal 278)
   defining Unicode char U+0117 (decimal 279)
   defining Unicode char U+0118 (decimal 280)
   defining Unicode char U+0119 (decimal 281)
   defining Unicode char U+011A (decimal 282)
   defining Unicode char U+011B (decimal 283)
   defining Unicode char U+011C (decimal 284)
   defining Unicode char U+011D (decimal 285)
   defining Unicode char U+011E (decimal 286)
   defining Unicode char U+011F (decimal 287)
   defining Unicode char U+0120 (decimal 288)
   defining Unicode char U+0121 (decimal 289)
   defining Unicode char U+0122 (decimal 290)
   defining Unicode char U+0123 (decimal 291)
   defining Unicode char U+0124 (decimal 292)
   defining Unicode char U+0125 (decimal 293)
   defining Unicode char U+0128 (decimal 296)
   defining Unicode char U+0129 (decimal 297)
   defining Unicode char U+012A (decimal 298)
   defining Unicode char U+012B (decimal 299)
   defining Unicode char U+012C (decimal 300)
   defining Unicode char U+012D (decimal 301)
   defining Unicode char U+012E (decimal 302)
   defining Unicode char U+012F (decimal 303)
   defining Unicode char U+0130 (decimal 304)
   defining Unicode char U+0131 (decimal 305)
   defining Unicode char U+0132 (decimal 306)
   defining Unicode char U+0133 (decimal 307)
   defining Unicode char U+0134 (decimal 308)
   defining Unicode char U+0135 (decimal 309)
   defining Unicode char U+0136 (decimal 310)
   defining Unicode char U+0137 (decimal 311)
   defining Unicode char U+0139 (decimal 313)
   defining Unicode char U+013A (decimal 314)
   defining Unicode char U+013B (decimal 315)
   defining Unicode char U+013C (decimal 316)
   defining Unicode char U+013D (decimal 317)
   defining Unicode char U+013E (decimal 318)
   defining Unicode char U+0141 (decimal 321)
   defining Unicode char U+0142 (decimal 322)
   defining Unicode char U+0143 (decimal 323)
   defining Unicode char U+0144 (decimal 324)
   defining Unicode char U+0145 (decimal 325)
   defining Unicode char U+0146 (decimal 326)
   defining Unicode char U+0147 (decimal 327)
   defining Unicode char U+0148 (decimal 328)
   defining Unicode char U+014A (decimal 330)
   defining Unicode char U+014B (decimal 331)
   defining Unicode char U+014C (decimal 332)
   defining Unicode char U+014D (decimal 333)
   defining Unicode char U+014E (decimal 334)
   defining Unicode char U+014F (decimal 335)
   defining Unicode char U+0150 (decimal 336)
   defining Unicode char U+0151 (decimal 337)
   defining Unicode char U+0152 (decimal 338)
   defining Unicode char U+0153 (decimal 339)
   defining Unicode char U+0154 (decimal 340)
   defining Unicode char U+0155 (decimal 341)
   defining Unicode char U+0156 (decimal 342)
   defining Unicode char U+0157 (decimal 343)
   defining Unicode char U+0158 (decimal 344)
   defining Unicode char U+0159 (decimal 345)
   defining Unicode char U+015A (decimal 346)
   defining Unicode char U+015B (decimal 347)
   defining Unicode char U+015C (decimal 348)
   defining Unicode char U+015D (decimal 349)
   defining Unicode char U+015E (decimal 350)
   defining Unicode char U+015F (decimal 351)
   defining Unicode char U+0160 (decimal 352)
   defining Unicode char U+0161 (decimal 353)
   defining Unicode char U+0162 (decimal 354)
   defining Unicode char U+0163 (decimal 355)
   defining Unicode char U+0164 (decimal 356)
   defining Unicode char U+0165 (decimal 357)
   defining Unicode char U+0168 (decimal 360)
   defining Unicode char U+0169 (decimal 361)
   defining Unicode char U+016A (decimal 362)
   defining Unicode char U+016B (decimal 363)
   defining Unicode char U+016C (decimal 364)
   defining Unicode char U+016D (decimal 365)
   defining Unicode char U+016E (decimal 366)
   defining Unicode char U+016F (decimal 367)
   defining Unicode char U+0170 (decimal 368)
   defining Unicode char U+0171 (decimal 369)
   defining Unicode char U+0172 (decimal 370)
   defining Unicode char U+0173 (decimal 371)
   defining Unicode char U+0174 (decimal 372)
   defining Unicode char U+0175 (decimal 373)
   defining Unicode char U+0176 (decimal 374)
   defining Unicode char U+0177 (decimal 375)
   defining Unicode char U+0178 (decimal 376)
   defining Unicode char U+0179 (decimal 377)
   defining Unicode char U+017A (decimal 378)
   defining Unicode char U+017B (decimal 379)
   defining Unicode char U+017C (decimal 380)
   defining Unicode char U+017D (decimal 381)
   defining Unicode char U+017E (decimal 382)
   defining Unicode char U+01CD (decimal 461)
   defining Unicode char U+01CE (decimal 462)
   defining Unicode char U+01CF (decimal 463)
   defining Unicode char U+01D0 (decimal 464)
   defining Unicode char U+01D1 (decimal 465)
   defining Unicode char U+01D2 (decimal 466)
   defining Unicode char U+01D3 (decimal 467)
   defining Unicode char U+01D4 (decimal 468)
   defining Unicode char U+01E2 (decimal 482)
   defining Unicode char U+01E3 (decimal 483)
   defining Unicode char U+01E6 (decimal 486)
   defining Unicode char U+01E7 (decimal 487)
   defining Unicode char U+01E8 (decimal 488)
   defining Unicode char U+01E9 (decimal 489)
   defining Unicode char U+01EA (decimal 490)
   defining Unicode char U+01EB (decimal 491)
   defining Unicode char U+01F0 (decimal 496)
   defining Unicode char U+01F4 (decimal 500)
   defining Unicode char U+01F5 (decimal 501)
   defining Unicode char U+0218 (decimal 536)
   defining Unicode char U+0219 (decimal 537)
   defining Unicode char U+021A (decimal 538)
   defining Unicode char U+021B (decimal 539)
   defining Unicode char U+1E02 (decimal 7682)
   defining Unicode char U+1E03 (decimal 7683)
   defining Unicode char U+200C (decimal 8204)
   defining Unicode char U+2010 (decimal 8208)
   defining Unicode char U+2011 (decimal 8209)
   defining Unicode char U+2012 (decimal 8210)
   defining Unicode char U+2013 (decimal 8211)
   defining Unicode char U+2014 (decimal 8212)
   defining Unicode char U+2015 (decimal 8213)
   defining Unicode char U+2018 (decimal 8216)
   defining Unicode char U+2019 (decimal 8217)
   defining Unicode char U+201A (decimal 8218)
   defining Unicode char U+201C (decimal 8220)
   defining Unicode char U+201D (decimal 8221)
   defining Unicode char U+201E (decimal 8222)
   defining Unicode char U+2030 (decimal 8240)
   defining Unicode char U+2031 (decimal 8241)
   defining Unicode char U+2039 (decimal 8249)
   defining Unicode char U+203A (decimal 8250)
   defining Unicode char U+2423 (decimal 9251)
)
Now handling font encoding OT1 ...
... processing UTF-8 mapping file for font encoding OT1

("C:\Program Files\MiKTeX 2.9\tex\latex\base\ot1enc.dfu"
File: ot1enc.dfu 2016/02/28 v1.1s UTF-8 support for inputenc
   defining Unicode char U+00A0 (decimal 160)
   defining Unicode char U+00A1 (decimal 161)
   defining Unicode char U+00A3 (decimal 163)
   defining Unicode char U+00AD (decimal 173)
   defining Unicode char U+00B8 (decimal 184)
   defining Unicode char U+00BF (decimal 191)
   defining Unicode char U+00C5 (decimal 197)
   defining Unicode char U+00C6 (decimal 198)
   defining Unicode char U+00D8 (decimal 216)
   defining Unicode char U+00DF (decimal 223)
   defining Unicode char U+00E6 (decimal 230)
   defining Unicode char U+00EC (decimal 236)
   defining Unicode char U+00ED (decimal 237)
   defining Unicode char U+00EE (decimal 238)
   defining Unicode char U+00EF (decimal 239)
   defining Unicode char U+00F8 (decimal 248)
   defining Unicode char U+0131 (decimal 305)
   defining Unicode char U+0141 (decimal 321)
   defining Unicode char U+0142 (decimal 322)
   defining Unicode char U+0152 (decimal 338)
   defining Unicode char U+0153 (decimal 339)
   defining Unicode char U+0174 (decimal 372)
   defining Unicode char U+0175 (decimal 373)
   defining Unicode char U+0176 (decimal 374)
   defining Unicode char U+0177 (decimal 375)
   defining Unicode char U+0218 (decimal 536)
   defining Unicode char U+0219 (decimal 537)
   defining Unicode char U+021A (decimal 538)
   defining Unicode char U+021B (decimal 539)
   defining Unicode char U+2013 (decimal 8211)
   defining Unicode char U+2014 (decimal 8212)
   defining Unicode char U+2018 (decimal 8216)
   defining Unicode char U+2019 (decimal 8217)
   defining Unicode char U+201C (decimal 8220)
   defining Unicode char U+201D (decimal 8221)
)
Now handling font encoding OMS ...
... processing UTF-8 mapping file for font encoding OMS

("C:\Program Files\MiKTeX 2.9\tex\latex\base\omsenc.dfu"
File: omsenc.dfu 2016/02/28 v1.1s UTF-8 support for inputenc
   defining Unicode char U+00A7 (decimal 167)
   defining Unicode char U+00B6 (decimal 182)
   defining Unicode char U+00B7 (decimal 183)
   defining Unicode char U+2020 (decimal 8224)
   defining Unicode char U+2021 (decimal 8225)
   defining Unicode char U+2022 (decimal 8226)
)
Now handling font encoding OMX ...
... no UTF-8 mapping file for font encoding OMX
Now handling font encoding U ...
... no UTF-8 mapping file for font encoding U
   defining Unicode char U+00A9 (decimal 169)
   defining Unicode char U+00AA (decimal 170)
   defining Unicode char U+00AE (decimal 174)
   defining Unicode char U+00BA (decimal 186)
   defining Unicode char U+02C6 (decimal 710)
   defining Unicode char U+02DC (decimal 732)
   defining Unicode char U+200C (decimal 8204)
   defining Unicode char U+2026 (decimal 8230)
   defining Unicode char U+2122 (decimal 8482)
   defining Unicode char U+2423 (decimal 9251)
))
("C:\Program Files\MiKTeX 2.9\tex\latex\amsmath\amsmath.sty"
Package: amsmath 2016/11/05 v2.16a AMS math features
\@mathmargin=\skip43

For additional information on amsmath, use the `?' option.
("C:\Program Files\MiKTeX 2.9\tex\latex\amsmath\amstext.sty"
Package: amstext 2000/06/29 v2.01 AMS text

("C:\Program Files\MiKTeX 2.9\tex\latex\amsmath\amsgen.sty"
File: amsgen.sty 1999/11/30 v2.0 generic functions
\@emptytoks=\toks16
\ex@=\dimen103
))
("C:\Program Files\MiKTeX 2.9\tex\latex\amsmath\amsbsy.sty"
Package: amsbsy 1999/11/29 v1.2d Bold Symbols
\pmbraise@=\dimen104
)
("C:\Program Files\MiKTeX 2.9\tex\latex\amsmath\amsopn.sty"
Package: amsopn 2016/03/08 v2.02 operator names
)
\inf@bad=\count87
LaTeX Info: Redefining \frac on input line 213.
\uproot@=\count88
\leftroot@=\count89
LaTeX Info: Redefining \overline on input line 375.
\classnum@=\count90
\DOTSCASE@=\count91
LaTeX Info: Redefining \ldots on input line 472.
LaTeX Info: Redefining \dots on input line 475.
LaTeX Info: Redefining \cdots on input line 596.
\Mathstrutbox@=\box26
\strutbox@=\box27
\big@size=\dimen105
LaTeX Font Info:    Redeclaring font encoding OML on input line 712.
LaTeX Font Info:    Redeclaring font encoding OMS on input line 713.
\macc@depth=\count92
\c@MaxMatrixCols=\count93
\dotsspace@=\muskip10
\c@parentequation=\count94
\dspbrk@lvl=\count95
\tag@help=\toks17
\row@=\count96
\column@=\count97
\maxfields@=\count98
\andhelp@=\toks18
\eqnshift@=\dimen106
\alignsep@=\dimen107
\tagshift@=\dimen108
\tagwidth@=\dimen109
\totwidth@=\dimen110
\lineht@=\dimen111
\@envbody=\toks19
\multlinegap=\skip44
\multlinetaggap=\skip45
\mathdisplay@stack=\toks20
LaTeX Info: Redefining \[ on input line 2817.
LaTeX Info: Redefining \] on input line 2818.
)
("C:\Program Files\MiKTeX 2.9\tex\latex\amsfonts\amsfonts.sty"
Package: amsfonts 2013/01/14 v3.01 Basic AMSFonts support
\symAMSa=\mathgroup4
\symAMSb=\mathgroup5
LaTeX Font Info:    Overwriting math alphabet `\mathfrak' in version `bold'
(Font)                  U/euf/m/n --> U/euf/b/n on input line 106.
)
("C:\Program Files\MiKTeX 2.9\tex\latex\amsfonts\amssymb.sty"
Package: amssymb 2013/01/14 v3.01 AMS font symbols
)
("C:\Program Files\MiKTeX 2.9\tex\latex\amscls\amsthm.sty"
Package: amsthm 2015/03/04 v2.20.2
\thm@style=\toks21
\thm@bodyfont=\toks22
\thm@headfont=\toks23
\thm@notefont=\toks24
\thm@headpunct=\toks25
\thm@preskip=\skip46
\thm@postskip=\skip47
\thm@headsep=\skip48
\dth@everypar=\toks26
)
("C:\Program Files\MiKTeX 2.9\tex\latex\mathtools\mathtools.sty"
Package: mathtools 2018/01/08 v1.21 mathematical typesetting tools

("C:\Program Files\MiKTeX 2.9\tex\latex\graphics\keyval.sty"
Package: keyval 2014/10/28 v1.15 key=value parser (DPC)
\KV@toks@=\toks27
)
("C:\Program Files\MiKTeX 2.9\tex\latex\tools\calc.sty"
Package: calc 2014/10/28 v4.3 Infix arithmetic (KKT,FJ)
\calc@Acount=\count99
\calc@Bcount=\count100
\calc@Adimen=\dimen112
\calc@Bdimen=\dimen113
\calc@Askip=\skip49
\calc@Bskip=\skip50
LaTeX Info: Redefining \setlength on input line 80.
LaTeX Info: Redefining \addtolength on input line 81.
\calc@Ccount=\count101
\calc@Cskip=\skip51
)
("C:\Program Files\MiKTeX 2.9\tex\latex\mathtools\mhsetup.sty"
Package: mhsetup 2017/03/31 v1.3 programming setup (MH)
)
LaTeX Info: Thecontrolsequence`\('isalreadyrobust on input line 129.
LaTeX Info: Thecontrolsequence`\)'isalreadyrobust on input line 129.
LaTeX Info: Thecontrolsequence`\['isalreadyrobust on input line 129.
LaTeX Info: Thecontrolsequence`\]'isalreadyrobust on input line 129.
\g_MT_multlinerow_int=\count102
\l_MT_multwidth_dim=\dimen114
\origjot=\skip52
\l_MT_shortvdotswithinadjustabove_dim=\dimen115
\l_MT_shortvdotswithinadjustbelow_dim=\dimen116
\l_MT_above_intertext_sep=\dimen117
\l_MT_below_intertext_sep=\dimen118
\l_MT_above_shortintertext_sep=\dimen119
\l_MT_below_shortintertext_sep=\dimen120
)
("C:\Program Files\MiKTeX 2.9\tex\latex\wrapfig\wrapfig.sty"
\wrapoverhang=\dimen121
\WF@size=\dimen122
\c@WF@wrappedlines=\count103
\WF@box=\box28
\WF@everypar=\toks28
Package: wrapfig 2003/01/31  v 3.6
)
("C:\Program Files\MiKTeX 2.9\tex\latex\lipsum\lipsum.sty"
Package: lipsum 2014/07/27 v1.3 150 paragraphs of Lorem Ipsum dummy text
\c@lips@count=\count104
)
("C:\Program Files\MiKTeX 2.9\tex\latex\cleveref\cleveref.sty"
Package: cleveref 2018/03/27 v0.21.4 Intelligent cross-referencing
Package cleveref Info: `amsthm' support loaded on input line 3026.
)
("C:\Program Files\MiKTeX 2.9\tex\latex\was\icomma.sty"
Package: icomma 2002/03/10 v2.0 (WaS)
)
("C:\Program Files\MiKTeX 2.9\tex\latex\geometry\geometry.sty"
Package: geometry 2010/09/12 v5.6 Page Geometry

("C:\Program Files\MiKTeX 2.9\tex\generic\oberdiek\ifpdf.sty"
Package: ifpdf 2016/05/14 v3.1 Provides the ifpdf switch
)
("C:\Program Files\MiKTeX 2.9\tex\generic\oberdiek\ifvtex.sty"
Package: ifvtex 2016/05/16 v1.6 Detect VTeX and its facilities (HO)
Package ifvtex Info: VTeX not detected.
)
("C:\Program Files\MiKTeX 2.9\tex\generic\ifxetex\ifxetex.sty"
Package: ifxetex 2010/09/12 v0.6 Provides ifxetex conditional
)
\Gm@cnth=\count105
\Gm@cntv=\count106
\c@Gm@tempcnt=\count107
\Gm@bindingoffset=\dimen123
\Gm@wd@mp=\dimen124
\Gm@odd@mp=\dimen125
\Gm@even@mp=\dimen126
\Gm@layoutwidth=\dimen127
\Gm@layoutheight=\dimen128
\Gm@layouthoffset=\dimen129
\Gm@layoutvoffset=\dimen130
\Gm@dimlist=\toks29

("C:\Program Files\MiKTeX 2.9\tex\latex\geometry\geometry.cfg"))
("C:\Program Files\MiKTeX 2.9\tex\latex\tools\longtable.sty"
Package: longtable 2014/10/28 v4.11 Multi-page Table package (DPC)
\LTleft=\skip53
\LTright=\skip54
\LTpre=\skip55
\LTpost=\skip56
\LTchunksize=\count108
\LTcapwidth=\dimen131
\LT@head=\box29
\LT@firsthead=\box30
\LT@foot=\box31
\LT@lastfoot=\box32
\LT@cols=\count109
\LT@rows=\count110
\c@LT@tables=\count111
\c@LT@chunks=\count112
\LT@p@ftn=\toks30
)
("C:\Program Files\MiKTeX 2.9\tex\latex\booktabs\booktabs.sty"
Package: booktabs 2005/04/14 v1.61803 publication quality tables
\heavyrulewidth=\dimen132
\lightrulewidth=\dimen133
\cmidrulewidth=\dimen134
\belowrulesep=\dimen135
\belowbottomsep=\dimen136
\aboverulesep=\dimen137
\abovetopsep=\dimen138
\cmidrulesep=\dimen139
\cmidrulekern=\dimen140
\defaultaddspace=\dimen141
\@cmidla=\count113
\@cmidlb=\count114
\@aboverulesep=\dimen142
\@belowrulesep=\dimen143
\@thisruleclass=\count115
\@lastruleclass=\count116
\@thisrulewidth=\dimen144
)
("C:\Program Files\MiKTeX 2.9\tex\latex\titling\titling.sty"
Package: titling 2009/09/04 v2.1d maketitle typesetting
\thanksmarkwidth=\skip57
\thanksmargin=\skip58
\droptitle=\skip59
)
("C:\Program Files\MiKTeX 2.9\tex\latex\psnfss\mathptmx.sty"
Package: mathptmx 2005/04/12 PSNFSS-v9.2a Times w/ Math, improved (SPQR, WaS) 
LaTeX Font Info:    Redeclaring symbol font `operators' on input line 28.
LaTeX Font Info:    Overwriting symbol font `operators' in version `normal'
(Font)                  OT1/cmr/m/n --> OT1/ztmcm/m/n on input line 28.
LaTeX Font Info:    Overwriting symbol font `operators' in version `bold'
(Font)                  OT1/cmr/bx/n --> OT1/ztmcm/m/n on input line 28.
LaTeX Font Info:    Redeclaring symbol font `letters' on input line 29.
LaTeX Font Info:    Overwriting symbol font `letters' in version `normal'
(Font)                  OML/cmm/m/it --> OML/ztmcm/m/it on input line 29.
LaTeX Font Info:    Overwriting symbol font `letters' in version `bold'
(Font)                  OML/cmm/b/it --> OML/ztmcm/m/it on input line 29.
LaTeX Font Info:    Redeclaring symbol font `symbols' on input line 30.
LaTeX Font Info:    Overwriting symbol font `symbols' in version `normal'
(Font)                  OMS/cmsy/m/n --> OMS/ztmcm/m/n on input line 30.
LaTeX Font Info:    Overwriting symbol font `symbols' in version `bold'
(Font)                  OMS/cmsy/b/n --> OMS/ztmcm/m/n on input line 30.
LaTeX Font Info:    Redeclaring symbol font `largesymbols' on input line 31.
LaTeX Font Info:    Overwriting symbol font `largesymbols' in version `normal'
(Font)                  OMX/cmex/m/n --> OMX/ztmcm/m/n on input line 31.
LaTeX Font Info:    Overwriting symbol font `largesymbols' in version `bold'
(Font)                  OMX/cmex/m/n --> OMX/ztmcm/m/n on input line 31.
\symbold=\mathgroup6
\symitalic=\mathgroup7
LaTeX Font Info:    Redeclaring math alphabet \mathbf on input line 34.
LaTeX Font Info:    Overwriting math alphabet `\mathbf' in version `normal'
(Font)                  OT1/cmr/bx/n --> OT1/ptm/bx/n on input line 34.
LaTeX Font Info:    Overwriting math alphabet `\mathbf' in version `bold'
(Font)                  OT1/cmr/bx/n --> OT1/ptm/bx/n on input line 34.
LaTeX Font Info:    Redeclaring math alphabet \mathit on input line 35.
LaTeX Font Info:    Overwriting math alphabet `\mathit' in version `normal'
(Font)                  OT1/cmr/m/it --> OT1/ptm/m/it on input line 35.
LaTeX Font Info:    Overwriting math alphabet `\mathit' in version `bold'
(Font)                  OT1/cmr/bx/it --> OT1/ptm/m/it on input line 35.
LaTeX Info: Redefining \hbar on input line 50.
)
("C:\Program Files\MiKTeX 2.9\tex\latex\algorithms\algorithm.sty"
Package: algorithm 2009/08/24 v0.1 Document Style `algorithm' - floating enviro
nment

("C:\Program Files\MiKTeX 2.9\tex\latex\float\float.sty"
Package: float 2001/11/08 v1.3d Float enhancements (AL)
\c@float@type=\count117
\float@exts=\toks31
\float@box=\box33
\@float@everytoks=\toks32
\@floatcapt=\box34
)
("C:\Program Files\MiKTeX 2.9\tex\latex\base\ifthen.sty"
Package: ifthen 2014/09/29 v1.1c Standard LaTeX ifthen package (DPC)
)
\@float@every@algorithm=\toks33
\c@algorithm=\count118
)
("C:\Program Files\MiKTeX 2.9\tex\latex\algorithmicx\algpseudocode.sty"
Package: algpseudocode 

("C:\Program Files\MiKTeX 2.9\tex\latex\algorithmicx\algorithmicx.sty"
Package: algorithmicx 2005/04/27 v1.2 Algorithmicx

Document Style algorithmicx 1.2 - a greatly improved `algorithmic' style
\c@ALG@line=\count119
\c@ALG@rem=\count120
\c@ALG@nested=\count121
\ALG@tlm=\skip60
\ALG@thistlm=\skip61
\c@ALG@Lnr=\count122
\c@ALG@blocknr=\count123
\c@ALG@storecount=\count124
\c@ALG@tmpcounter=\count125
\ALG@tmplength=\skip62
)
Document Style - pseudocode environments for use with the `algorithmicx' style
) ("C:\Program Files\MiKTeX 2.9\tex\latex\multirow\multirow.sty"
Package: multirow 2016/11/25 v2.2 Span multiple rows of a table
\multirow@colwidth=\skip63
\multirow@cntb=\count126
\multirow@dima=\skip64
\bigstrutjot=\dimen145
)
("C:\Program Files\MiKTeX 2.9\tex\latex\eurosym\eurosym.sty"
Package: eurosym 1998/08/06 v1.1 European currency symbol ``Euro''
\@eurobox=\box35
)
("C:\Program Files\MiKTeX 2.9\tex\latex\extsizes\extsizes.sty"
Package: extsizes 1996/10/08 v1.0 Non Standard LaTeX Package


Package ExtSizes Warning: It is better to use one of the extsizes classes,
 if you can.

("C:\Program Files\MiKTeX 2.9\tex\latex\extsizes\size14.clo"
File: size14.clo 1999/11/11 v1.4a NON-Standard LaTeX file (size option)
))
("C:\Program Files\MiKTeX 2.9\tex\latex\amsfonts\euscript.sty"
Package: euscript 2009/06/22 v3.00 Euler Script fonts
LaTeX Font Info:    Overwriting math alphabet `\EuScript' in version `bold'
(Font)                  U/eus/m/n --> U/eus/b/n on input line 33.
)
("C:\Program Files\MiKTeX 2.9\tex\latex\jknappen\mathrsfs.sty"
Package: mathrsfs 1996/01/01 Math RSFS package v1.0 (jk)
\symrsfs=\mathgroup8
)
("C:\Program Files\MiKTeX 2.9\tex\latex\natbib\natbib.sty"
Package: natbib 2010/09/13 8.31b (PWD, AO)
\bibhang=\skip65
\bibsep=\skip66
LaTeX Info: Redefining \cite on input line 694.
\c@NAT@ctr=\count127
)
("C:\Program Files\MiKTeX 2.9\tex\latex\cmap\cmap.sty"
Package: cmap 2008/03/06 v1.0h CMap support: searchable PDF
)
("C:\Program Files\MiKTeX 2.9\tex\latex\base\fontenc.sty"
Package: fontenc 2017/01/24 v2.0c Standard LaTeX package

("C:\Program Files\MiKTeX 2.9\tex\latex\cyrillic\t2aenc.def"
File: t2aenc.def 2005/09/27 v1.0i Cyrillic encoding definition file
Now handling font encoding T2A ...
... processing UTF-8 mapping file for font encoding T2A

("C:\Program Files\MiKTeX 2.9\tex\latex\base\t2aenc.dfu"
File: t2aenc.dfu 2016/02/28 v1.1s UTF-8 support for inputenc
   defining Unicode char U+00A4 (decimal 164)
   defining Unicode char U+00A7 (decimal 167)
   defining Unicode char U+00AB (decimal 171)
   defining Unicode char U+00BB (decimal 187)
   defining Unicode char U+0131 (decimal 305)
   defining Unicode char U+0400 (decimal 1024)
   defining Unicode char U+0401 (decimal 1025)
   defining Unicode char U+0402 (decimal 1026)
   defining Unicode char U+0403 (decimal 1027)
   defining Unicode char U+0404 (decimal 1028)
   defining Unicode char U+0405 (decimal 1029)
   defining Unicode char U+0406 (decimal 1030)
   defining Unicode char U+0407 (decimal 1031)
   defining Unicode char U+0408 (decimal 1032)
   defining Unicode char U+0409 (decimal 1033)
   defining Unicode char U+040A (decimal 1034)
   defining Unicode char U+040B (decimal 1035)
   defining Unicode char U+040C (decimal 1036)
   defining Unicode char U+040D (decimal 1037)
   defining Unicode char U+040E (decimal 1038)
   defining Unicode char U+040F (decimal 1039)
   defining Unicode char U+0410 (decimal 1040)
   defining Unicode char U+0411 (decimal 1041)
   defining Unicode char U+0412 (decimal 1042)
   defining Unicode char U+0413 (decimal 1043)
   defining Unicode char U+0414 (decimal 1044)
   defining Unicode char U+0415 (decimal 1045)
   defining Unicode char U+0416 (decimal 1046)
   defining Unicode char U+0417 (decimal 1047)
   defining Unicode char U+0418 (decimal 1048)
   defining Unicode char U+0419 (decimal 1049)
   defining Unicode char U+041A (decimal 1050)
   defining Unicode char U+041B (decimal 1051)
   defining Unicode char U+041C (decimal 1052)
   defining Unicode char U+041D (decimal 1053)
   defining Unicode char U+041E (decimal 1054)
   defining Unicode char U+041F (decimal 1055)
   defining Unicode char U+0420 (decimal 1056)
   defining Unicode char U+0421 (decimal 1057)
   defining Unicode char U+0422 (decimal 1058)
   defining Unicode char U+0423 (decimal 1059)
   defining Unicode char U+0424 (decimal 1060)
   defining Unicode char U+0425 (decimal 1061)
   defining Unicode char U+0426 (decimal 1062)
   defining Unicode char U+0427 (decimal 1063)
   defining Unicode char U+0428 (decimal 1064)
   defining Unicode char U+0429 (decimal 1065)
   defining Unicode char U+042A (decimal 1066)
   defining Unicode char U+042B (decimal 1067)
   defining Unicode char U+042C (decimal 1068)
   defining Unicode char U+042D (decimal 1069)
   defining Unicode char U+042E (decimal 1070)
   defining Unicode char U+042F (decimal 1071)
   defining Unicode char U+0430 (decimal 1072)
   defining Unicode char U+0431 (decimal 1073)
   defining Unicode char U+0432 (decimal 1074)
   defining Unicode char U+0433 (decimal 1075)
   defining Unicode char U+0434 (decimal 1076)
   defining Unicode char U+0435 (decimal 1077)
   defining Unicode char U+0436 (decimal 1078)
   defining Unicode char U+0437 (decimal 1079)
   defining Unicode char U+0438 (decimal 1080)
   defining Unicode char U+0439 (decimal 1081)
   defining Unicode char U+043A (decimal 1082)
   defining Unicode char U+043B (decimal 1083)
   defining Unicode char U+043C (decimal 1084)
   defining Unicode char U+043D (decimal 1085)
   defining Unicode char U+043E (decimal 1086)
   defining Unicode char U+043F (decimal 1087)
   defining Unicode char U+0440 (decimal 1088)
   defining Unicode char U+0441 (decimal 1089)
   defining Unicode char U+0442 (decimal 1090)
   defining Unicode char U+0443 (decimal 1091)
   defining Unicode char U+0444 (decimal 1092)
   defining Unicode char U+0445 (decimal 1093)
   defining Unicode char U+0446 (decimal 1094)
   defining Unicode char U+0447 (decimal 1095)
   defining Unicode char U+0448 (decimal 1096)
   defining Unicode char U+0449 (decimal 1097)
   defining Unicode char U+044A (decimal 1098)
   defining Unicode char U+044B (decimal 1099)
   defining Unicode char U+044C (decimal 1100)
   defining Unicode char U+044D (decimal 1101)
   defining Unicode char U+044E (decimal 1102)
   defining Unicode char U+044F (decimal 1103)
   defining Unicode char U+0450 (decimal 1104)
   defining Unicode char U+0451 (decimal 1105)
   defining Unicode char U+0452 (decimal 1106)
   defining Unicode char U+0453 (decimal 1107)
   defining Unicode char U+0454 (decimal 1108)
   defining Unicode char U+0455 (decimal 1109)
   defining Unicode char U+0456 (decimal 1110)
   defining Unicode char U+0457 (decimal 1111)
   defining Unicode char U+0458 (decimal 1112)
   defining Unicode char U+0459 (decimal 1113)
   defining Unicode char U+045A (decimal 1114)
   defining Unicode char U+045B (decimal 1115)
   defining Unicode char U+045C (decimal 1116)
   defining Unicode char U+045D (decimal 1117)
   defining Unicode char U+045E (decimal 1118)
   defining Unicode char U+045F (decimal 1119)
   defining Unicode char U+0490 (decimal 1168)
   defining Unicode char U+0491 (decimal 1169)
   defining Unicode char U+0492 (decimal 1170)
   defining Unicode char U+0493 (decimal 1171)
   defining Unicode char U+0496 (decimal 1174)
   defining Unicode char U+0497 (decimal 1175)
   defining Unicode char U+0498 (decimal 1176)
   defining Unicode char U+0499 (decimal 1177)
   defining Unicode char U+049A (decimal 1178)
   defining Unicode char U+049B (decimal 1179)
   defining Unicode char U+049C (decimal 1180)
   defining Unicode char U+049D (decimal 1181)
   defining Unicode char U+04A0 (decimal 1184)
   defining Unicode char U+04A1 (decimal 1185)
   defining Unicode char U+04A2 (decimal 1186)
   defining Unicode char U+04A3 (decimal 1187)
   defining Unicode char U+04A4 (decimal 1188)
   defining Unicode char U+04A5 (decimal 1189)
   defining Unicode char U+04AA (decimal 1194)
   defining Unicode char U+04AB (decimal 1195)
   defining Unicode char U+04AE (decimal 1198)
   defining Unicode char U+04AF (decimal 1199)
   defining Unicode char U+04B0 (decimal 1200)
   defining Unicode char U+04B1 (decimal 1201)
   defining Unicode char U+04B2 (decimal 1202)
   defining Unicode char U+04B3 (decimal 1203)
   defining Unicode char U+04B6 (decimal 1206)
   defining Unicode char U+04B7 (decimal 1207)
   defining Unicode char U+04B8 (decimal 1208)
   defining Unicode char U+04B9 (decimal 1209)
   defining Unicode char U+04BA (decimal 1210)
   defining Unicode char U+04BB (decimal 1211)
   defining Unicode char U+04C0 (decimal 1216)
   defining Unicode char U+04C1 (decimal 1217)
   defining Unicode char U+04C2 (decimal 1218)
   defining Unicode char U+04D0 (decimal 1232)
   defining Unicode char U+04D1 (decimal 1233)
   defining Unicode char U+04D2 (decimal 1234)
   defining Unicode char U+04D3 (decimal 1235)
   defining Unicode char U+04D4 (decimal 1236)
   defining Unicode char U+04D5 (decimal 1237)
   defining Unicode char U+04D6 (decimal 1238)
   defining Unicode char U+04D7 (decimal 1239)
   defining Unicode char U+04D8 (decimal 1240)
   defining Unicode char U+04D9 (decimal 1241)
   defining Unicode char U+04DA (decimal 1242)
   defining Unicode char U+04DB (decimal 1243)
   defining Unicode char U+04DC (decimal 1244)
   defining Unicode char U+04DD (decimal 1245)
   defining Unicode char U+04DE (decimal 1246)
   defining Unicode char U+04DF (decimal 1247)
   defining Unicode char U+04E2 (decimal 1250)
   defining Unicode char U+04E3 (decimal 1251)
   defining Unicode char U+04E4 (decimal 1252)
   defining Unicode char U+04E5 (decimal 1253)
   defining Unicode char U+04E6 (decimal 1254)
   defining Unicode char U+04E7 (decimal 1255)
   defining Unicode char U+04E8 (decimal 1256)
   defining Unicode char U+04E9 (decimal 1257)
   defining Unicode char U+04EC (decimal 1260)
   defining Unicode char U+04ED (decimal 1261)
   defining Unicode char U+04EE (decimal 1262)
   defining Unicode char U+04EF (decimal 1263)
   defining Unicode char U+04F0 (decimal 1264)
   defining Unicode char U+04F1 (decimal 1265)
   defining Unicode char U+04F2 (decimal 1266)
   defining Unicode char U+04F3 (decimal 1267)
   defining Unicode char U+04F4 (decimal 1268)
   defining Unicode char U+04F5 (decimal 1269)
   defining Unicode char U+04F8 (decimal 1272)
   defining Unicode char U+04F9 (decimal 1273)
   defining Unicode char U+200C (decimal 8204)
   defining Unicode char U+2013 (decimal 8211)
   defining Unicode char U+2014 (decimal 8212)
   defining Unicode char U+2018 (decimal 8216)
   defining Unicode char U+2019 (decimal 8217)
   defining Unicode char U+201C (decimal 8220)
   defining Unicode char U+201D (decimal 8221)
   defining Unicode char U+201E (decimal 8222)
   defining Unicode char U+2030 (decimal 8240)
   defining Unicode char U+2031 (decimal 8241)
   defining Unicode char U+2116 (decimal 8470)
   defining Unicode char U+2329 (decimal 9001)
   defining Unicode char U+232A (decimal 9002)
   defining Unicode char U+2423 (decimal 9251)
))
LaTeX Font Info:    Try loading font information for T2A+cmr on input line 105.


("C:\Program Files\MiKTeX 2.9\tex\latex\cyrillic\t2acmr.fd"
File: t2acmr.fd 2001/08/11 v1.0a Computer Modern Cyrillic font definitions
)<<t2a.cmap>>)
("C:\Program Files\MiKTeX 2.9\tex\generic\babel\babel.sty"
Package: babel 2016/04/23 3.9r The Babel package

*************************************
* Local config file bblopts.cfg used
*
("C:\Program Files\MiKTeX 2.9\tex\latex\arabi\bblopts.cfg"
File: bblopts.cfg 2005/09/08 v0.1 add Arabic and Farsi to "declared" options of
 babel
)
("C:\Program Files\MiKTeX 2.9\tex\latex\babel-english\english.ldf"
Language: english 2017/01/24 v3.3q English support from the babel system

("C:\Program Files\MiKTeX 2.9\tex\generic\babel\babel.def"
File: babel.def 2016/04/23 3.9r Babel common definitions
\babel@savecnt=\count128
\U@D=\dimen146
)
\l@canadian = a dialect from \language\l@american 
\l@australian = a dialect from \language\l@british 
\l@newzealand = a dialect from \language\l@british 
))
("C:\Program Files\MiKTeX 2.9\tex\latex\graphics\graphicx.sty"
Package: graphicx 2014/10/28 v1.0g Enhanced LaTeX Graphics (DPC,SPQR)

("C:\Program Files\MiKTeX 2.9\tex\latex\graphics\graphics.sty"
Package: graphics 2016/10/09 v1.0u Standard LaTeX Graphics (DPC,SPQR)

("C:\Program Files\MiKTeX 2.9\tex\latex\graphics\trig.sty"
Package: trig 2016/01/03 v1.10 sin cos tan (DPC)
)
("C:\Program Files\MiKTeX 2.9\tex\latex\graphics-cfg\graphics.cfg"
File: graphics.cfg 2016/06/04 v1.11 sample graphics configuration
)
Package graphics Info: Driver file: pdftex.def on input line 99.

("C:\Program Files\MiKTeX 2.9\tex\latex\graphics-def\pdftex.def"
File: pdftex.def 2017/01/12 v0.06k Graphics/color for pdfTeX

("C:\Program Files\MiKTeX 2.9\tex\generic\oberdiek\infwarerr.sty"
Package: infwarerr 2016/05/16 v1.4 Providing info/warning/error messages (HO)
)
("C:\Program Files\MiKTeX 2.9\tex\generic\oberdiek\ltxcmds.sty"
Package: ltxcmds 2016/05/16 v1.23 LaTeX kernel commands for general use (HO)
)
\Gread@gobject=\count129
))
\Gin@req@height=\dimen147
\Gin@req@width=\dimen148
)
(Diploma.aux)
\openout1 = `Diploma.aux'.

LaTeX Font Info:    Checking defaults for OML/cmm/m/it on input line 58.
LaTeX Font Info:    ... okay on input line 58.
LaTeX Font Info:    Checking defaults for T1/cmr/m/n on input line 58.
LaTeX Font Info:    ... okay on input line 58.
LaTeX Font Info:    Checking defaults for OT1/cmr/m/n on input line 58.
LaTeX Font Info:    ... okay on input line 58.
LaTeX Font Info:    Checking defaults for OMS/cmsy/m/n on input line 58.
LaTeX Font Info:    ... okay on input line 58.
LaTeX Font Info:    Checking defaults for OMX/cmex/m/n on input line 58.
LaTeX Font Info:    ... okay on input line 58.
LaTeX Font Info:    Checking defaults for U/cmr/m/n on input line 58.
LaTeX Font Info:    ... okay on input line 58.
LaTeX Font Info:    Checking defaults for T2A/cmr/m/n on input line 58.
LaTeX Font Info:    ... okay on input line 58.
LaTeX Font Info:    Try loading font information for T2A+ptm on input line 58.
LaTeX Font Info:    No file T2Aptm.fd. on input line 58.


LaTeX Font Warning: Font shape `T2A/ptm/m/n' undefined
(Font)              using `T2A/cmr/m/n' instead on input line 58.

*geometry* driver: auto-detecting
*geometry* detected driver: pdftex
*geometry* verbose mode - [ preamble ] result:
* driver: pdftex
* paper: a4paper
* layout: <same size as paper>
* layoutoffset:(h,v)=(0.0pt,0.0pt)
* modes: 
* h-part:(L,W,R)=(71.13188pt, 455.24411pt, 71.13188pt)
* v-part:(T,H,B)=(71.13188pt, 702.78308pt, 71.13188pt)
* \paperwidth=597.50787pt
* \paperheight=845.04684pt
* \textwidth=455.24411pt
* \textheight=702.78308pt
* \oddsidemargin=-1.1381pt
* \evensidemargin=-1.1381pt
* \topmargin=-40.1381pt
* \headheight=14.0pt
* \headsep=25.0pt
* \topskip=14.0pt
* \footskip=30.0pt
* \marginparwidth=15.0pt
* \marginparsep=10.0pt
* \columnsep=10.0pt
* \skip\footins=12.0pt plus 4.0pt minus 2.0pt
* \hoffset=0.0pt
* \voffset=0.0pt
* \mag=1000
* \@twocolumnfalse
* \@twosidefalse
* \@mparswitchfalse
* \@reversemarginfalse
* (1in=72.27pt=25.4mm, 1cm=28.453pt)

("C:\Program Files\MiKTeX 2.9\tex\context\base\supp-pdf.mkii"
[Loading MPS to PDF converter (version 2006.09.02).]
\scratchcounter=\count130
\scratchdimen=\dimen149
\scratchbox=\box36
\nofMPsegments=\count131
\nofMParguments=\count132
\everyMPshowfont=\toks34
\MPscratchCnt=\count133
\MPscratchDim=\dimen150
\MPnumerator=\count134
\makeMPintoPDFobject=\count135
\everyMPtoPDFconversion=\toks35
) ("C:\Program Files\MiKTeX 2.9\tex\generic\oberdiek\pdftexcmds.sty"
Package: pdftexcmds 2016/05/21 v0.22 Utility functions of pdfTeX for LuaTeX (HO
)

("C:\Program Files\MiKTeX 2.9\tex\generic\oberdiek\ifluatex.sty"
Package: ifluatex 2016/05/16 v1.4 Provides the ifluatex switch (HO)
Package ifluatex Info: LuaTeX not detected.
)
Package pdftexcmds Info: LuaTeX not detected.
Package pdftexcmds Info: \pdf@primitive is available.
Package pdftexcmds Info: \pdf@ifprimitive is available.
Package pdftexcmds Info: \pdfdraftmode found.
)
("C:\Program Files\MiKTeX 2.9\tex\latex\oberdiek\epstopdf-base.sty"
Package: epstopdf-base 2016/05/15 v2.6 Base part for package epstopdf

("C:\Program Files\MiKTeX 2.9\tex\latex\oberdiek\grfext.sty"
Package: grfext 2016/05/16 v1.2 Manage graphics extensions (HO)

("C:\Program Files\MiKTeX 2.9\tex\generic\oberdiek\kvdefinekeys.sty"
Package: kvdefinekeys 2016/05/16 v1.4 Define keys (HO)
))
("C:\Program Files\MiKTeX 2.9\tex\latex\oberdiek\kvoptions.sty"
Package: kvoptions 2016/05/16 v3.12 Key value format for package options (HO)

("C:\Program Files\MiKTeX 2.9\tex\generic\oberdiek\kvsetkeys.sty"
Package: kvsetkeys 2016/05/16 v1.17 Key value parser (HO)

("C:\Program Files\MiKTeX 2.9\tex\generic\oberdiek\etexcmds.sty"
Package: etexcmds 2016/05/16 v1.6 Avoid name clashes with e-TeX commands (HO)
Package etexcmds Info: Could not find \expanded.
(etexcmds)             That can mean that you are not using pdfTeX 1.50 or
(etexcmds)             that some package has redefined \expanded.
(etexcmds)             In the latter case, load this package earlier.
)))
Package epstopdf-base Info: Redefining graphics rule for `.eps' on input line 4
38.
Package grfext Info: Graphics extension search list:
(grfext)             [.pdf,.png,.jpg,.eps]
(grfext)             \AppendGraphicsExtensions on input line 456.
)

LaTeX Font Warning: Font shape `T2A/ptm/bx/n' undefined
(Font)              using `T2A/ptm/m/n' instead on input line 65.


LaTeX Font Warning: Font shape `T2A/ptm/m/it' undefined
(Font)              using `T2A/ptm/m/n' instead on input line 84.

[1

{C:/Users/petrg/AppData/Local/MiKTeX/2.9/pdftex/config/pdftex.map}] [2]
[3] [4]
Overfull \hbox (1.27333pt too wide) in paragraph at lines 127--128
[]\T2A/ptm/m/it/14.4 Berggren and Lo-de-nius (2016) in their pa-per com-puted D
iebold-Mariano
 []

[5]
LaTeX Font Info:    Try loading font information for OT1+ztmcm on input line 13
8.
 ("C:\Program Files\MiKTeX 2.9\tex\latex\psnfss\ot1ztmcm.fd"
File: ot1ztmcm.fd 2000/01/03 Fontinst v1.801 font definitions for OT1/ztmcm.
)<<ot1.cmap>>
LaTeX Font Info:    Try loading font information for OML+ztmcm on input line 13
8.

("C:\Program Files\MiKTeX 2.9\tex\latex\psnfss\omlztmcm.fd"
File: omlztmcm.fd 2000/01/03 Fontinst v1.801 font definitions for OML/ztmcm.
)<<oml.cmap>>
LaTeX Font Info:    Try loading font information for OMS+ztmcm on input line 13
8.

("C:\Program Files\MiKTeX 2.9\tex\latex\psnfss\omsztmcm.fd"
File: omsztmcm.fd 2000/01/03 Fontinst v1.801 font definitions for OMS/ztmcm.
)<<oms.cmap>>
LaTeX Font Info:    Try loading font information for OMX+ztmcm on input line 13
8.

("C:\Program Files\MiKTeX 2.9\tex\latex\psnfss\omxztmcm.fd"
File: omxztmcm.fd 2000/01/03 Fontinst v1.801 font definitions for OMX/ztmcm.
)<<omx.cmap>>
LaTeX Font Info:    Try loading font information for OT1+ptm on input line 138.


("C:\Program Files\MiKTeX 2.9\tex\latex\psnfss\ot1ptm.fd"
File: ot1ptm.fd 2001/06/04 font definitions for OT1/ptm.
)
LaTeX Font Info:    Font shape `OT1/ptm/bx/n' in size <14.4> not available
(Font)              Font shape `OT1/ptm/b/n' tried instead on input line 138.
LaTeX Font Info:    Font shape `OT1/ptm/bx/n' in size <10.95> not available
(Font)              Font shape `OT1/ptm/b/n' tried instead on input line 138.
LaTeX Font Info:    Font shape `OT1/ptm/bx/n' in size <8> not available
(Font)              Font shape `OT1/ptm/b/n' tried instead on input line 138.
LaTeX Font Info:    Try loading font information for U+rsfs on input line 138.

("C:\Program Files\MiKTeX 2.9\tex\latex\jknappen\ursfs.fd"
File: ursfs.fd 1998/03/24 rsfs font definition file (jk)
) [6]
LaTeX Font Info:    Font shape `OT1/ptm/bx/n' in size <10> not available
(Font)              Font shape `OT1/ptm/b/n' tried instead on input line 159.
LaTeX Font Info:    Font shape `OT1/ptm/bx/n' in size <7.4> not available
(Font)              Font shape `OT1/ptm/b/n' tried instead on input line 159.
LaTeX Font Info:    Font shape `OT1/ptm/bx/n' in size <6> not available
(Font)              Font shape `OT1/ptm/b/n' tried instead on input line 159.
 [7] [8]
[9] [10] [11] [12] [13] [14] [15]
Overfull \hbox (28.95271pt too wide) in paragraph at lines 327--328
\T2A/ptm/m/it/14.4 Once econo-me-tri-cian has es-ti-mated $[]\OT1/ztmcm/m/n/14.
4 (\OML/ztmcm/m/it/14.4 L\OT1/ztmcm/m/n/14.4 )$ \T2A/ptm/m/it/14.4 in [], h-hor
izon fore-cast for $\OT1/ztmcm/m/n/14.4 ([]\OML/ztmcm/m/it/14.4 ; Y[]\OT1/ztmcm
/m/n/14.4 )$
 []

[16] [17]

LaTeX Warning: Command \l invalid in math mode on input line 354.


LaTeX Warning: Command \l invalid in math mode on input line 354.


Overfull \hbox (5.19077pt too wide) in paragraph at lines 354--355
\T2A/ptm/m/it/14.4 Table bel-low pro-vides in-for-ma-tion used dataset. An as-t
er-isk *, af-ter mnemonic
 []


Overfull \hbox (26.04132pt too wide) in alignment at lines 356--359
 [] [] [] 
 []


Overfull \hbox (26.04132pt too wide) in alignment at lines 359--363
 [] [] [] 
 []


Overfull \hbox (26.04132pt too wide) in alignment at lines 363--366
 [] [] [] 
 []


Overfull \hbox (26.04132pt too wide) in alignment at lines 366--369
 [] [] [] 
 []


LaTeX Warning: Command \l invalid in math mode on input line 371.


LaTeX Warning: Command \l invalid in math mode on input line 371.


LaTeX Warning: Command \l invalid in math mode on input line 372.


LaTeX Warning: Command \l invalid in math mode on input line 372.


Overfull \hbox (4.54506pt too wide) in paragraph at lines 373--374
[]|$\OT1/ztmcm/m/n/14.4 $| 
 []


Overfull \hbox (4.54506pt too wide) in paragraph at lines 374--375
[]|$\OT1/ztmcm/m/n/14.4 $| 
 []


LaTeX Warning: Command \l invalid in math mode on input line 375.


LaTeX Warning: Command \l invalid in math mode on input line 375.


LaTeX Warning: Command \l invalid in math mode on input line 376.


LaTeX Warning: Command \l invalid in math mode on input line 376.


LaTeX Warning: Command \l invalid in math mode on input line 377.


LaTeX Warning: Command \l invalid in math mode on input line 377.


LaTeX Warning: Command \l invalid in math mode on input line 378.


LaTeX Warning: Command \l invalid in math mode on input line 378.


Overfull \hbox (4.54506pt too wide) in paragraph at lines 379--380
[]|$\OT1/ztmcm/m/n/14.4 $| 
 []


Overfull \hbox (4.54506pt too wide) in paragraph at lines 380--381
[]|$\OT1/ztmcm/m/n/14.4 $| 
 []


LaTeX Warning: Command \l invalid in math mode on input line 381.


LaTeX Warning: Command \l invalid in math mode on input line 381.


Overfull \hbox (4.54506pt too wide) in paragraph at lines 382--383
[]|$\OT1/ztmcm/m/n/14.4 $| 
 []


Overfull \hbox (4.54506pt too wide) in paragraph at lines 383--384
[]|$\OT1/ztmcm/m/n/14.4 $| 
 []


Overfull \hbox (10.52005pt too wide) in paragraph at lines 384--385
[]|$\OT1/ztmcm/m/n/14.4 []$| 
 []


Overfull \hbox (4.54506pt too wide) in paragraph at lines 385--386
[]|$\OT1/ztmcm/m/n/14.4 $| 
 []


Overfull \hbox (4.54506pt too wide) in paragraph at lines 386--387
[]|$\OT1/ztmcm/m/n/14.4 $| 
 []


Overfull \hbox (4.54506pt too wide) in paragraph at lines 387--388
[]|$\OT1/ztmcm/m/n/14.4 $| 
 []


Overfull \hbox (4.54506pt too wide) in paragraph at lines 388--389
[]|$\OT1/ztmcm/m/n/14.4 $| 
 []


Overfull \hbox (4.54506pt too wide) in paragraph at lines 389--390
[]|$\OT1/ztmcm/m/n/14.4 $| 
 []


Overfull \hbox (4.54506pt too wide) in paragraph at lines 390--391
[]|$\OT1/ztmcm/m/n/14.4 $| 
 []


Overfull \hbox (26.04132pt too wide) in alignment at lines 369--391
 [] [] [] 
 []


Overfull \hbox (4.54506pt too wide) in paragraph at lines 391--392
[]|$\OT1/ztmcm/m/n/14.4 $| 
 []


Overfull \hbox (4.54506pt too wide) in paragraph at lines 392--393
[]|$\OT1/ztmcm/m/n/14.4 $| 
 []


Overfull \hbox (4.54506pt too wide) in paragraph at lines 393--394
[]|$\OT1/ztmcm/m/n/14.4 $| 
 []


Overfull \hbox (4.54506pt too wide) in paragraph at lines 394--395
[]|$\OT1/ztmcm/m/n/14.4 $| 
 []


Overfull \hbox (4.54506pt too wide) in paragraph at lines 395--396
[]|$\OT1/ztmcm/m/n/14.4 $| 
 []


LaTeX Warning: Command \l invalid in math mode on input line 396.


LaTeX Warning: Command \l invalid in math mode on input line 396.


LaTeX Warning: Command \l invalid in math mode on input line 397.


LaTeX Warning: Command \l invalid in math mode on input line 397.


Overfull \hbox (4.54506pt too wide) in paragraph at lines 398--399
[]|$\OT1/ztmcm/m/n/14.4 $| 
 []


LaTeX Warning: Command \l invalid in math mode on input line 399.


LaTeX Warning: Command \l invalid in math mode on input line 399.


LaTeX Warning: Command \l invalid in math mode on input line 400.


LaTeX Warning: Command \l invalid in math mode on input line 400.


Overfull \hbox (4.54506pt too wide) in paragraph at lines 401--402
[]|$\OT1/ztmcm/m/n/14.4 $| 
 []


Overfull \hbox (4.54506pt too wide) in paragraph at lines 402--403
[]|$\OT1/ztmcm/m/n/14.4 $| 
 []


Overfull \hbox (4.54506pt too wide) in paragraph at lines 403--404
[]|$\OT1/ztmcm/m/n/14.4 $| 
 []


Overfull \hbox (4.54506pt too wide) in paragraph at lines 404--405
[]|$\OT1/ztmcm/m/n/14.4 $| 
 []


Overfull \hbox (4.54506pt too wide) in paragraph at lines 405--406
[]|$\OT1/ztmcm/m/n/14.4 $| 
 []


Overfull \hbox (4.54506pt too wide) in paragraph at lines 406--407
[]|$\OT1/ztmcm/m/n/14.4 $| 
 []


Overfull \hbox (4.54506pt too wide) in paragraph at lines 407--408
[]|$\OT1/ztmcm/m/n/14.4 $| 
 []


Overfull \hbox (4.54506pt too wide) in paragraph at lines 408--409
[]|$\OT1/ztmcm/m/n/14.4 $| 
 []


Overfull \hbox (4.54506pt too wide) in paragraph at lines 409--410
[]|$\OT1/ztmcm/m/n/14.4 $| 
 []


Overfull \hbox (4.54506pt too wide) in paragraph at lines 410--411
[]|$\OT1/ztmcm/m/n/14.4 $| 
 []


Overfull \hbox (26.04132pt too wide) in alignment at lines 391--411
 [] [] [] 
 []

[18]
Overfull \hbox (4.54506pt too wide) in paragraph at lines 411--412
[]|$\OT1/ztmcm/m/n/14.4 $| 
 []


Overfull \hbox (4.54506pt too wide) in paragraph at lines 412--413
[]|$\OT1/ztmcm/m/n/14.4 $| 
 []


Overfull \hbox (4.54506pt too wide) in paragraph at lines 413--414
[]|$\OT1/ztmcm/m/n/14.4 $| 
 []


Overfull \hbox (4.54506pt too wide) in paragraph at lines 414--415
[]|$\OT1/ztmcm/m/n/14.4 $| 
 []


Overfull \hbox (4.54506pt too wide) in paragraph at lines 415--416
[]|$\OT1/ztmcm/m/n/14.4 $| 
 []


Overfull \hbox (4.54506pt too wide) in paragraph at lines 416--417
[]|$\OT1/ztmcm/m/n/14.4 $| 
 []


Overfull \hbox (4.54506pt too wide) in paragraph at lines 417--418
[]|$\OT1/ztmcm/m/n/14.4 $| 
 []


Underfull \hbox (badness 1590) in paragraph at lines 418--418
[]|\T2A/ptm/m/it/14.4 Trade Weighted nom-i-nal ex-change rate, %
 []


LaTeX Warning: Command \l invalid in math mode on input line 418.


LaTeX Warning: Command \l invalid in math mode on input line 418.


LaTeX Warning: Command \l invalid in math mode on input line 419.


LaTeX Warning: Command \l invalid in math mode on input line 419.


Overfull \hbox (4.54506pt too wide) in paragraph at lines 420--421
[]|$\OT1/ztmcm/m/n/14.4 $| 
 []


LaTeX Warning: Command \l invalid in math mode on input line 421.


LaTeX Warning: Command \l invalid in math mode on input line 421.


LaTeX Warning: Command \l invalid in math mode on input line 422.


LaTeX Warning: Command \l invalid in math mode on input line 422.


Overfull \hbox (4.54506pt too wide) in paragraph at lines 423--424
[]|$\OT1/ztmcm/m/n/14.4 $| 
 []


Overfull \hbox (4.54506pt too wide) in paragraph at lines 424--425
[]|$\OT1/ztmcm/m/n/14.4 $| 
 []


Overfull \hbox (4.54506pt too wide) in paragraph at lines 425--426
[]|$\OT1/ztmcm/m/n/14.4 $| 
 []


Overfull \hbox (4.54506pt too wide) in paragraph at lines 426--427
[]|$\OT1/ztmcm/m/n/14.4 $| 
 []


Overfull \hbox (4.54506pt too wide) in paragraph at lines 427--428
[]|$\OT1/ztmcm/m/n/14.4 $| 
 []


Overfull \hbox (4.54506pt too wide) in paragraph at lines 428--429
[]|$\OT1/ztmcm/m/n/14.4 $| 
 []


Overfull \hbox (4.54506pt too wide) in paragraph at lines 429--430
[]|$\OT1/ztmcm/m/n/14.4 $| 
 []


Overfull \hbox (4.54506pt too wide) in paragraph at lines 430--431
[]|$\OT1/ztmcm/m/n/14.4 $| 
 []


Overfull \hbox (26.04132pt too wide) in alignment at lines 411--431
 [] [] [] 
 []

[19]
Overfull \hbox (4.54506pt too wide) in paragraph at lines 431--432
[]|$\OT1/ztmcm/m/n/14.4 $| 
 []


LaTeX Warning: Command \l invalid in math mode on input line 432.


LaTeX Warning: Command \l invalid in math mode on input line 432.


LaTeX Warning: Command \l invalid in math mode on input line 433.


LaTeX Warning: Command \l invalid in math mode on input line 433.


LaTeX Warning: Command \l invalid in math mode on input line 434.


LaTeX Warning: Command \l invalid in math mode on input line 434.


LaTeX Warning: Command \l invalid in math mode on input line 435.


LaTeX Warning: Command \l invalid in math mode on input line 435.


LaTeX Warning: Command \l invalid in math mode on input line 436.


LaTeX Warning: Command \l invalid in math mode on input line 436.


LaTeX Warning: Command \l invalid in math mode on input line 437.


LaTeX Warning: Command \l invalid in math mode on input line 437.


Overfull \hbox (4.54506pt too wide) in paragraph at lines 438--439
[]|$\OT1/ztmcm/m/n/14.4 $| 
 []


Overfull \hbox (4.54506pt too wide) in paragraph at lines 439--440
[]|$\OT1/ztmcm/m/n/14.4 $| 
 []


Overfull \hbox (4.54506pt too wide) in paragraph at lines 440--441
[]|$\OT1/ztmcm/m/n/14.4 $| 
 []


LaTeX Warning: Command \l invalid in math mode on input line 441.


LaTeX Warning: Command \l invalid in math mode on input line 441.


Overfull \hbox (4.54506pt too wide) in paragraph at lines 442--443
[]|$\OT1/ztmcm/m/n/14.4 $| 
 []


Overfull \hbox (4.54506pt too wide) in paragraph at lines 443--444
[]|$\OT1/ztmcm/m/n/14.4 $| 
 []


LaTeX Warning: Command \l invalid in math mode on input line 444.


LaTeX Warning: Command \l invalid in math mode on input line 444.


LaTeX Warning: Command \l invalid in math mode on input line 445.


LaTeX Warning: Command \l invalid in math mode on input line 445.


LaTeX Warning: Command \l invalid in math mode on input line 446.


LaTeX Warning: Command \l invalid in math mode on input line 446.


LaTeX Warning: Command \l invalid in math mode on input line 447.


LaTeX Warning: Command \l invalid in math mode on input line 447.


LaTeX Warning: Command \l invalid in math mode on input line 448.


LaTeX Warning: Command \l invalid in math mode on input line 448.


LaTeX Warning: Command \l invalid in math mode on input line 449.


LaTeX Warning: Command \l invalid in math mode on input line 449.


LaTeX Warning: Command \l invalid in math mode on input line 450.


LaTeX Warning: Command \l invalid in math mode on input line 450.


Overfull \hbox (26.04132pt too wide) in alignment at lines 431--451
 [] [] [] 
 []

[20]
Overfull \hbox (4.54506pt too wide) in paragraph at lines 451--452
[]|$\OT1/ztmcm/m/n/14.4 $| 
 []


LaTeX Warning: Command \l invalid in math mode on input line 452.


LaTeX Warning: Command \l invalid in math mode on input line 452.


Overfull \hbox (4.54506pt too wide) in paragraph at lines 453--454
[]|$\OT1/ztmcm/m/n/14.4 $| 
 []


Overfull \hbox (4.54506pt too wide) in paragraph at lines 454--455
[]|$\OT1/ztmcm/m/n/14.4 $| 
 []


LaTeX Warning: Command \l invalid in math mode on input line 455.


LaTeX Warning: Command \l invalid in math mode on input line 455.


Overfull \hbox (4.54506pt too wide) in paragraph at lines 456--457
[]|$\OT1/ztmcm/m/n/14.4 $| 
 []


LaTeX Warning: Command \l invalid in math mode on input line 457.


LaTeX Warning: Command \l invalid in math mode on input line 457.


Overfull \hbox (4.54506pt too wide) in paragraph at lines 458--459
[]|$\OT1/ztmcm/m/n/14.4 $| 
 []


LaTeX Warning: Command \l invalid in math mode on input line 459.


LaTeX Warning: Command \l invalid in math mode on input line 459.


LaTeX Warning: Command \l invalid in math mode on input line 460.


LaTeX Warning: Command \l invalid in math mode on input line 460.


LaTeX Warning: Command \l invalid in math mode on input line 461.


LaTeX Warning: Command \l invalid in math mode on input line 461.


LaTeX Warning: Command \l invalid in math mode on input line 462.


LaTeX Warning: Command \l invalid in math mode on input line 462.


LaTeX Warning: Command \l invalid in math mode on input line 463.


LaTeX Warning: Command \l invalid in math mode on input line 463.


LaTeX Warning: Command \l invalid in math mode on input line 464.


LaTeX Warning: Command \l invalid in math mode on input line 464.


Overfull \hbox (4.54506pt too wide) in paragraph at lines 465--466
[]|$\OT1/ztmcm/m/n/14.4 $| 
 []


Overfull \hbox (4.54506pt too wide) in paragraph at lines 466--467
[]|$\OT1/ztmcm/m/n/14.4 $| 
 []


LaTeX Warning: Command \l invalid in math mode on input line 467.


LaTeX Warning: Command \l invalid in math mode on input line 467.


LaTeX Warning: Command \l invalid in math mode on input line 468.


LaTeX Warning: Command \l invalid in math mode on input line 468.


LaTeX Warning: Command \l invalid in math mode on input line 469.


LaTeX Warning: Command \l invalid in math mode on input line 469.


Overfull \hbox (4.54506pt too wide) in paragraph at lines 470--471
[]|$\OT1/ztmcm/m/n/14.4 $| 
 []


Overfull \hbox (26.04132pt too wide) in alignment at lines 451--471
 [] [] [] 
 []

[21] [22]

LaTeX Warning: Command \l invalid in math mode on input line 471.


LaTeX Warning: Command \l invalid in math mode on input line 471.


LaTeX Warning: Command \l invalid in math mode on input line 472.


LaTeX Warning: Command \l invalid in math mode on input line 472.


LaTeX Warning: Command \l invalid in math mode on input line 473.


LaTeX Warning: Command \l invalid in math mode on input line 473.


Overfull \hbox (4.54506pt too wide) in paragraph at lines 474--475
[]|$\OT1/ztmcm/m/n/14.4 $| 
 []


Overfull \hbox (4.54506pt too wide) in paragraph at lines 475--476
[]|$\OT1/ztmcm/m/n/14.4 $| 
 []


Overfull \hbox (4.54506pt too wide) in paragraph at lines 476--477
[]|$\OT1/ztmcm/m/n/14.4 $| 
 []


Overfull \hbox (4.54506pt too wide) in paragraph at lines 477--478
[]|$\OT1/ztmcm/m/n/14.4 $| 
 []


Underfull \hbox (badness 1675) in paragraph at lines 478--478
[]|\T2A/ptm/m/it/14.4 Official in-ter-na-tional re-serves, Stan-dard-ized,
 []


Overfull \hbox (4.54506pt too wide) in paragraph at lines 478--479
[]|$\OT1/ztmcm/m/n/14.4 $| 
 []


Overfull \hbox (4.54506pt too wide) in paragraph at lines 479--480
[]|$\OT1/ztmcm/m/n/14.4 $| 
 []


Underfull \hbox (badness 1237) in paragraph at lines 480--480
[]|\T2A/ptm/m/it/14.4 Official in-ter-na-tional re-serves, % month on
 []


Overfull \hbox (4.54506pt too wide) in paragraph at lines 480--481
[]|$\OT1/ztmcm/m/n/14.4 $| 
 []


Overfull \hbox (4.54506pt too wide) in paragraph at lines 481--482
[]|$\OT1/ztmcm/m/n/14.4 $| 
 []


Overfull \hbox (10.52005pt too wide) in paragraph at lines 482--483
[]|$\OT1/ztmcm/m/n/14.4 []$| 
 []


Underfull \hbox (badness 2245) in paragraph at lines 483--483
[]|\T2A/ptm/m/it/14.4 Reserves, Spe-cial Draw-ing Rights, Cur-rent
 []


Overfull \hbox (4.54506pt too wide) in paragraph at lines 483--484
[]|$\OT1/ztmcm/m/n/14.4 $| 
 []


Overfull \hbox (4.54506pt too wide) in paragraph at lines 484--485
[]|$\OT1/ztmcm/m/n/14.4 $| 
 []


Overfull \hbox (4.54506pt too wide) in paragraph at lines 485--486
[]|$\OT1/ztmcm/m/n/14.4 $| 
 []


Overfull \hbox (4.54506pt too wide) in paragraph at lines 486--487
[]|$\OT1/ztmcm/m/n/14.4 $| 
 []


Overfull \hbox (4.54506pt too wide) in paragraph at lines 487--488
[]|$\OT1/ztmcm/m/n/14.4 $| 
 []


Overfull \hbox (4.54506pt too wide) in paragraph at lines 488--489
[]|$\OT1/ztmcm/m/n/14.4 $| 
 []


Underfull \hbox (badness 1371) in paragraph at lines 489--489
[]|\T2A/ptm/m/it/14.4 Monetary base (nar-row def-i-ni-tion), Cur-rent
 []


Overfull \hbox (4.54506pt too wide) in paragraph at lines 489--490
[]|$\OT1/ztmcm/m/n/14.4 $| 
 []


Underfull \hbox (badness 3088) in paragraph at lines 490--490
[]|\T2A/ptm/m/it/14.4 Monetary base (broad def-i-ni-tion), Cur-rent
 []


Overfull \hbox (4.54506pt too wide) in paragraph at lines 490--491
[]|$\OT1/ztmcm/m/n/14.4 $| 
 []


Overfull \hbox (26.04132pt too wide) in alignment at lines 471--491
 [] [] [] 
 []

[23]
Overfull \hbox (4.54506pt too wide) in paragraph at lines 491--492
[]|$\OT1/ztmcm/m/n/14.4 $| 
 []


Underfull \hbox (badness 3029) in paragraph at lines 492--492
[]|\T2A/ptm/m/it/14.4 Money Sup-ply M2, Stan-dard-ized, Cur-rent
 []


Overfull \hbox (4.54506pt too wide) in paragraph at lines 492--493
[]|$\OT1/ztmcm/m/n/14.4 $| 
 []


LaTeX Warning: Command \l invalid in math mode on input line 493.


LaTeX Warning: Command \l invalid in math mode on input line 493.


Overfull \hbox (4.54506pt too wide) in paragraph at lines 494--495
[]|$\OT1/ztmcm/m/n/14.4 $| 
 []


Underfull \hbox (badness 3029) in paragraph at lines 495--495
[]|\T2A/ptm/m/it/14.4 Money Sup-ply M1, Stan-dard-ized, Cur-rent
 []


Overfull \hbox (4.54506pt too wide) in paragraph at lines 495--496
[]|$\OT1/ztmcm/m/n/14.4 $| 
 []


Underfull \hbox (badness 3029) in paragraph at lines 496--496
[]|\T2A/ptm/m/it/14.4 Money Sup-ply M0, Stan-dard-ized, Cur-rent
 []


Overfull \hbox (4.54506pt too wide) in paragraph at lines 496--497
[]|$\OT1/ztmcm/m/n/14.4 $| 
 []


LaTeX Warning: Command \l invalid in math mode on input line 497.


LaTeX Warning: Command \l invalid in math mode on input line 497.


LaTeX Warning: Command \l invalid in math mode on input line 498.


LaTeX Warning: Command \l invalid in math mode on input line 498.


Overfull \hbox (4.54506pt too wide) in paragraph at lines 499--500
[]|$\OT1/ztmcm/m/n/14.4 $| 
 []


Overfull \hbox (4.54506pt too wide) in paragraph at lines 500--501
[]|$\OT1/ztmcm/m/n/14.4 $| 
 []


LaTeX Warning: Command \l invalid in math mode on input line 501.


LaTeX Warning: Command \l invalid in math mode on input line 501.


LaTeX Warning: Command \l invalid in math mode on input line 502.


LaTeX Warning: Command \l invalid in math mode on input line 502.


Overfull \hbox (4.54506pt too wide) in paragraph at lines 503--504
[]|$\OT1/ztmcm/m/n/14.4 $| 
 []


LaTeX Warning: Command \l invalid in math mode on input line 504.


LaTeX Warning: Command \l invalid in math mode on input line 504.


LaTeX Warning: Command \l invalid in math mode on input line 505.


LaTeX Warning: Command \l invalid in math mode on input line 505.


Overfull \hbox (4.54506pt too wide) in paragraph at lines 506--507
[]|$\OT1/ztmcm/m/n/14.4 $| 
 []


LaTeX Warning: Command \l invalid in math mode on input line 507.


LaTeX Warning: Command \l invalid in math mode on input line 507.


Overfull \hbox (4.54506pt too wide) in paragraph at lines 508--509
[]|$\OT1/ztmcm/m/n/14.4 $| 
 []


LaTeX Warning: Command \l invalid in math mode on input line 509.


LaTeX Warning: Command \l invalid in math mode on input line 509.


LaTeX Warning: Command \l invalid in math mode on input line 510.


LaTeX Warning: Command \l invalid in math mode on input line 510.


Overfull \hbox (26.04132pt too wide) in alignment at lines 491--511
 [] [] [] 
 []

[24]
Overfull \hbox (4.54506pt too wide) in paragraph at lines 511--512
[]|$\OT1/ztmcm/m/n/14.4 $| 
 []


Overfull \hbox (4.54506pt too wide) in paragraph at lines 512--513
[]|$\OT1/ztmcm/m/n/14.4 $| 
 []


LaTeX Warning: Command \l invalid in math mode on input line 513.


LaTeX Warning: Command \l invalid in math mode on input line 513.


LaTeX Warning: Command \l invalid in math mode on input line 514.


LaTeX Warning: Command \l invalid in math mode on input line 514.


LaTeX Warning: Command \l invalid in math mode on input line 515.


LaTeX Warning: Command \l invalid in math mode on input line 515.


Overfull \hbox (4.54506pt too wide) in paragraph at lines 516--517
[]|$\OT1/ztmcm/m/n/14.4 $| 
 []


Overfull \hbox (4.54506pt too wide) in paragraph at lines 517--518
[]|$\OT1/ztmcm/m/n/14.4 $| 
 []


Overfull \hbox (4.54506pt too wide) in paragraph at lines 518--519
[]|$\OT1/ztmcm/m/n/14.4 $| 
 []


Overfull \hbox (4.54506pt too wide) in paragraph at lines 519--520
[]|$\OT1/ztmcm/m/n/14.4 $| 
 []


Overfull \hbox (4.54506pt too wide) in paragraph at lines 520--521
[]|$\OT1/ztmcm/m/n/14.4 $| 
 []


Overfull \hbox (4.54506pt too wide) in paragraph at lines 521--522
[]|$\OT1/ztmcm/m/n/14.4 $| 
 []


LaTeX Warning: Command \l invalid in math mode on input line 522.


LaTeX Warning: Command \l invalid in math mode on input line 522.


Overfull \hbox (4.54506pt too wide) in paragraph at lines 523--524
[]|$\OT1/ztmcm/m/n/14.4 $| 
 []


Overfull \hbox (4.54506pt too wide) in paragraph at lines 524--525
[]|$\OT1/ztmcm/m/n/14.4 $| 
 []


Overfull \hbox (4.54506pt too wide) in paragraph at lines 525--526
[]|$\OT1/ztmcm/m/n/14.4 $| 
 []


Overfull \hbox (4.54506pt too wide) in paragraph at lines 526--527
[]|$\OT1/ztmcm/m/n/14.4 $| 
 []


Overfull \hbox (4.54506pt too wide) in paragraph at lines 527--528
[]|$\OT1/ztmcm/m/n/14.4 $| 
 []


LaTeX Warning: Command \l invalid in math mode on input line 528.


LaTeX Warning: Command \l invalid in math mode on input line 528.


Overfull \hbox (4.54506pt too wide) in paragraph at lines 529--530
[]|$\OT1/ztmcm/m/n/14.4 $| 
 []


Overfull \hbox (4.54506pt too wide) in paragraph at lines 530--531
[]|$\OT1/ztmcm/m/n/14.4 $| 
 []


Overfull \hbox (26.04132pt too wide) in alignment at lines 511--531
 [] [] [] 
 []

[25]
Overfull \hbox (4.54506pt too wide) in paragraph at lines 531--532
[]|$\OT1/ztmcm/m/n/14.4 $| 
 []


Overfull \hbox (4.54506pt too wide) in paragraph at lines 532--533
[]|$\OT1/ztmcm/m/n/14.4 $| 
 []


Overfull \hbox (4.54506pt too wide) in paragraph at lines 533--534
[]|$\OT1/ztmcm/m/n/14.4 $| 
 []


Overfull \hbox (4.54506pt too wide) in paragraph at lines 534--535
[]|$\OT1/ztmcm/m/n/14.4 $| 
 []


LaTeX Warning: Command \l invalid in math mode on input line 535.


LaTeX Warning: Command \l invalid in math mode on input line 535.


Overfull \hbox (4.54506pt too wide) in paragraph at lines 536--537
[]|$\OT1/ztmcm/m/n/14.4 $| 
 []


Overfull \hbox (4.54506pt too wide) in paragraph at lines 537--538
[]|$\OT1/ztmcm/m/n/14.4 $| 
 []


Overfull \hbox (4.54506pt too wide) in paragraph at lines 538--539
[]|$\OT1/ztmcm/m/n/14.4 $| 
 []


Overfull \hbox (4.54506pt too wide) in paragraph at lines 539--540
[]|$\OT1/ztmcm/m/n/14.4 $| 
 []


Overfull \hbox (4.54506pt too wide) in paragraph at lines 540--541
[]|$\OT1/ztmcm/m/n/14.4 $| 
 []


Overfull \hbox (4.54506pt too wide) in paragraph at lines 541--542
[]|$\OT1/ztmcm/m/n/14.4 $| 
 []


Overfull \hbox (4.54506pt too wide) in paragraph at lines 542--543
[]|$\OT1/ztmcm/m/n/14.4 $| 
 []


Overfull \hbox (4.54506pt too wide) in paragraph at lines 543--544
[]|$\OT1/ztmcm/m/n/14.4 $| 
 []


Overfull \hbox (4.54506pt too wide) in paragraph at lines 544--545
[]|$\OT1/ztmcm/m/n/14.4 $| 
 []


Overfull \hbox (4.54506pt too wide) in paragraph at lines 545--546
[]|$\OT1/ztmcm/m/n/14.4 $| 
 []


Overfull \hbox (4.54506pt too wide) in paragraph at lines 546--547
[]|$\OT1/ztmcm/m/n/14.4 $| 
 []


LaTeX Warning: Command \l invalid in math mode on input line 547.


LaTeX Warning: Command \l invalid in math mode on input line 547.


LaTeX Warning: Command \l invalid in math mode on input line 548.


LaTeX Warning: Command \l invalid in math mode on input line 548.


Overfull \hbox (4.54506pt too wide) in paragraph at lines 549--550
[]|$\OT1/ztmcm/m/n/14.4 $| 
 []


Overfull \hbox (4.54506pt too wide) in paragraph at lines 550--551
[]|$\OT1/ztmcm/m/n/14.4 $| 
 []


Overfull \hbox (26.04132pt too wide) in alignment at lines 531--551
 [] [] [] 
 []

[26]

LaTeX Warning: Command \l invalid in math mode on input line 551.


LaTeX Warning: Command \l invalid in math mode on input line 551.


LaTeX Warning: Command \l invalid in math mode on input line 552.


LaTeX Warning: Command \l invalid in math mode on input line 552.


LaTeX Warning: Command \l invalid in math mode on input line 553.


LaTeX Warning: Command \l invalid in math mode on input line 553.


LaTeX Warning: Command \l invalid in math mode on input line 554.


LaTeX Warning: Command \l invalid in math mode on input line 554.


Overfull \hbox (4.54506pt too wide) in paragraph at lines 555--556
[]|$\OT1/ztmcm/m/n/14.4 $| 
 []


Overfull \hbox (4.54506pt too wide) in paragraph at lines 556--557
[]|$\OT1/ztmcm/m/n/14.4 $| 
 []


Underfull \hbox (badness 6758) in paragraph at lines 557--557
[]|\T2A/ptm/m/it/14.4 Unemployment, Rate, Of-fi-cially reg-is-tered
 []


Overfull \hbox (4.54506pt too wide) in paragraph at lines 557--558
[]|$\OT1/ztmcm/m/n/14.4 $| 
 []


Overfull \hbox (4.54506pt too wide) in paragraph at lines 558--559
[]|$\OT1/ztmcm/m/n/14.4 $| 
 []


Overfull \hbox (4.54506pt too wide) in paragraph at lines 559--560
[]|$\OT1/ztmcm/m/n/14.4 $| 
 []


Overfull \hbox (4.54506pt too wide) in paragraph at lines 560--561
[]|$\OT1/ztmcm/m/n/14.4 $| 
 []


Overfull \hbox (4.54506pt too wide) in paragraph at lines 561--562
[]|$\OT1/ztmcm/m/n/14.4 $| 
 []


Overfull \hbox (4.54506pt too wide) in paragraph at lines 562--563
[]|$\OT1/ztmcm/m/n/14.4 $| 
 []


LaTeX Warning: Command \l invalid in math mode on input line 563.


LaTeX Warning: Command \l invalid in math mode on input line 563.


Overfull \hbox (4.54506pt too wide) in paragraph at lines 564--565
[]|$\OT1/ztmcm/m/n/14.4 $| 
 []


LaTeX Warning: Command \l invalid in math mode on input line 565.


LaTeX Warning: Command \l invalid in math mode on input line 565.


Overfull \hbox (4.54506pt too wide) in paragraph at lines 566--567
[]|$\OT1/ztmcm/m/n/14.4 $| 
 []


Overfull \hbox (4.54506pt too wide) in paragraph at lines 567--568
[]|$\OT1/ztmcm/m/n/14.4 $| 
 []


Overfull \hbox (4.54506pt too wide) in paragraph at lines 568--569
[]|$\OT1/ztmcm/m/n/14.4 $| 
 []


LaTeX Warning: Command \l invalid in math mode on input line 569.


LaTeX Warning: Command \l invalid in math mode on input line 569.


Overfull \hbox (26.04132pt too wide) in alignment at lines 551--570
 [] [] [] 
 []

[27] [28] [29] (Diploma.bbl) [30] (Diploma.aux)

LaTeX Font Warning: Some font shapes were not available, defaults substituted.

 ) 
Here is how much of TeX's memory you used:
 8358 strings out of 493333
 128548 string characters out of 3139194
 310064 words of memory out of 3000000
 11603 multiletter control sequences out of 15000+200000
 46071 words of font info for 107 fonts, out of 3000000 for 9000
 1141 hyphenation exceptions out of 8191
 39i,10n,25p,1487b,282s stack positions out of 5000i,500n,10000p,200000b,50000s
 <C:\Users\petrg\AppData\Local\MiKTeX\2.9\fonts\pk\ljfour\lh\lh-t2a\dpi600\la
rm1000.pk> <C:\Users\petrg\AppData\Local\MiKTeX\2.9\fonts\pk\ljfour\lh\lh-t2a\d
pi600\larm0700.pk> <C:\Users\petrg\AppData\Local\MiKTeX\2.9\fonts\pk\ljfour\lh\
lh-t2a\dpi600\larm1095.pk>{C:/Program Files/MiKTeX 2.9/fonts/enc/dvips/base/8r.
enc} <C:\Users\petrg\AppData\Local\MiKTeX\2.9\fonts\pk\ljfour\lh\lh-t2a\dpi600\
larm1728.pk> <C:\Users\petrg\AppData\Local\MiKTeX\2.9\fonts\pk\ljfour\lh\lh-t2a
\dpi600\larm2074.pk> <C:\Users\petrg\AppData\Local\MiKTeX\2.9\fonts\pk\ljfour\u
nknown\unknown\dpi600\larm1200.pk> <C:\Users\petrg\AppData\Local\MiKTeX\2.9\fon
ts\pk\ljfour\lh\lh-t2a\dpi600\larm1440.pk><C:/Program Files/MiKTeX 2.9/fonts/ty
pe1/public/amsfonts/cm/cmex10.pfb><C:/Program Files/MiKTeX 2.9/fonts/type1/publ
ic/amsfonts/cm/cmmi10.pfb><C:/Program Files/MiKTeX 2.9/fonts/type1/public/amsfo
nts/cm/cmr10.pfb><C:/Program Files/MiKTeX 2.9/fonts/type1/public/amsfonts/cm/cm
sy10.pfb><C:/Program Files/MiKTeX 2.9/fonts/type1/public/eurosym/feymr10.pfb><C
:/Program Files/MiKTeX 2.9/fonts/type1/public/amsfonts/symbols/msbm10.pfb><C:/P
rogram Files/MiKTeX 2.9/fonts/type1/urw/symbol/usyr.pfb><C:/Program Files/MiKTe
X 2.9/fonts/type1/urw/symbol/usyr.pfb><C:/Program Files/MiKTeX 2.9/fonts/type1/
urw/times/utmr8a.pfb><C:/Program Files/MiKTeX 2.9/fonts/type1/urw/times/utmri8a
.pfb>
Output written on Diploma.pdf (30 pages, 224174 bytes).
PDF statistics:
 401 PDF objects out of 1000 (max. 8388607)
 0 named destinations out of 1000 (max. 500000)
 21 words of extra memory for PDF output out of 10000 (max. 10000000)

